Flow report for Lab_1
Wed Sep 01 12:01:03 2010
Quartus II Version 8.0 Build 231 07/10/2008 Service Pack 1 SJ Full Version


---------------------
; Table of Contents ;
---------------------
  1. Legal Notice
  2. Flow Summary
  3. Flow Settings
  4. Flow Non-Default Global Settings
  5. Flow Elapsed Time
  6. Flow Log



----------------
; Legal Notice ;
----------------
Copyright (C) 1991-2008 Altera Corporation
Your use of Altera Corporation's design tools, logic functions 
and other software and tools, and its AMPP partner logic 
functions, and any output files from any of the foregoing 
(including device programming or simulation files), and any 
associated documentation or information are expressly subject 
to the terms and conditions of the Altera Program License 
Subscription Agreement, Altera MegaCore Function License 
Agreement, or other applicable license agreement, including, 
without limitation, that your use is for the sole purpose of 
programming logic devices manufactured by Altera and sold by 
Altera or its authorized distributors.  Please refer to the 
applicable agreement for further details.



+------------------------------------------------------------------------------------+
; Flow Summary                                                                       ;
+------------------------------------+-----------------------------------------------+
; Flow Status                        ; Successful - Wed Sep 01 12:01:03 2010         ;
; Quartus II Version                 ; 8.0 Build 231 07/10/2008 SP 1 SJ Full Version ;
; Revision Name                      ; Lab_1                                         ;
; Top-level Entity Name              ; TopLevle                                      ;
; Family                             ; Cyclone II                                    ;
; Device                             ; EP2C35F672C6                                  ;
; Timing Models                      ; Final                                         ;
; Met timing requirements            ; Yes                                           ;
; Total logic elements               ; 16 / 33,216 ( < 1 % )                         ;
;     Total combinational functions  ; 16 / 33,216 ( < 1 % )                         ;
;     Dedicated logic registers      ; 0 / 33,216 ( 0 % )                            ;
; Total registers                    ; 0                                             ;
; Total pins                         ; 12 / 475 ( 3 % )                              ;
; Total virtual pins                 ; 0                                             ;
; Total memory bits                  ; 0 / 483,840 ( 0 % )                           ;
; Embedded Multiplier 9-bit elements ; 0 / 70 ( 0 % )                                ;
; Total PLLs                         ; 0 / 4 ( 0 % )                                 ;
+------------------------------------+-----------------------------------------------+


+-----------------------------------------+
; Flow Settings                           ;
+-------------------+---------------------+
; Option            ; Setting             ;
+-------------------+---------------------+
; Start date & time ; 09/01/2010 12:00:44 ;
; Main task         ; Compilation         ;
; Revision Name     ; Lab_1               ;
+-------------------+---------------------+


+--------------------------------------------------------------------------------------------------------------+
; Flow Non-Default Global Settings                                                                             ;
+------------------------------------+------------------------------+---------------+-------------+------------+
; Assignment Name                    ; Value                        ; Default Value ; Entity Name ; Section Id ;
+------------------------------------+------------------------------+---------------+-------------+------------+
; COMPILER_SIGNATURE_ID              ; 114364613439.128336044405884 ; --            ; --          ; --         ;
; PARTITION_COLOR                    ; 14622752                     ; --            ; TopLevle    ; Top        ;
; PARTITION_NETLIST_TYPE             ; SOURCE                       ; --            ; TopLevle    ; Top        ;
; TOP_LEVEL_ENTITY                   ; TopLevle                     ; Lab_1         ; --          ; --         ;
; USE_GENERATED_PHYSICAL_CONSTRAINTS ; Off                          ; --            ; --          ; eda_palace ;
+------------------------------------+------------------------------+---------------+-------------+------------+


+-----------------------------------------------------------------------------------------------------------------------------+
; Flow Elapsed Time                                                                                                           ;
+-------------------------+--------------+-------------------------+---------------------+------------------------------------+
; Module Name             ; Elapsed Time ; Average Processors Used ; Peak Virtual Memory ; Total CPU Time (on all processors) ;
+-------------------------+--------------+-------------------------+---------------------+------------------------------------+
; Analysis & Synthesis    ; 00:00:02     ; 1.0                     ; 155 MB              ; 00:00:01                           ;
; Fitter                  ; 00:00:08     ; 1.0                     ; 217 MB              ; 00:00:08                           ;
; Assembler               ; 00:00:05     ; 1.0                     ; 206 MB              ; 00:00:03                           ;
; Classic Timing Analyzer ; 00:00:01     ; 1.0                     ; 117 MB              ; 00:00:00                           ;
; Total                   ; 00:00:16     ; --                      ; --                  ; 00:00:12                           ;
+-------------------------+--------------+-------------------------+---------------------+------------------------------------+


------------
; Flow Log ;
------------
quartus_map --read_settings_files=on --write_settings_files=off Lab_1 -c Lab_1
quartus_fit --read_settings_files=off --write_settings_files=off Lab_1 -c Lab_1
quartus_asm --read_settings_files=off --write_settings_files=off Lab_1 -c Lab_1
quartus_tan --read_settings_files=off --write_settings_files=off Lab_1 -c Lab_1 --timing_analysis_only



