C51 COMPILER V6.02  LAB4                                                                   10/20/2010 10:49:12 PAGE 1   


C51 COMPILER V6.02, COMPILATION OF MODULE LAB4
OBJECT MODULE PLACED IN .\lab4.OBJ
COMPILER INVOKED BY: C:\Keil\C51\BIN\C51.EXE .\lab4.c DEBUG OBJECTEXTEND

stmt level    source

   1          #include <AT89x52.h>
   2          
   3          #define WR_BAR P3_3 
   4          #define ALE P3_0
   5          
   6          
   7          void SSegDisp(char x); 
   8          
   9          void Delay (long x);
  10          
  11          void main()
  12          {
  13   1      	for(;;)
  14   1      	{
  15   2      		WR_BAR = 1 ;
  16   2      		ALE =0 ;
  17   2      
  18   2      		Delay(100000);
  19   2      
  20   2      		SSegDisp('H');
  21   2      		Delay(100000);
  22   2      
  23   2      		SSegDisp('E');	
  24   2      		Delay(100000);
  25   2      
  26   2      		SSegDisp('L');
  27   2      		Delay(100000);
  28   2      
  29   2      		SSegDisp('L');
  30   2      		Delay(100000);
  31   2      
  32   2      		SSegDisp('O');
  33   2      		Delay(100000);
  34   2      
  35   2      		SSegDisp(' ');
  36   2      
  37   2      	}
  38   1      
  39   1      }
  40          
  41          void Delay (long x)
  42          {
  43   1      	long i;
  44   1      	for(i=0;i<x;i++);
  45   1      }
  46          
  47          void SSegDisp(char x)
  48          {
  49   1      	WR_BAR = 1 ;
  50   1      	ALE =0 ;
  51   1      	P2 = 0xAA;
  52   1      	P0 = 0x55;
  53   1      	Delay(20000);
  54   1      	ALE = 1 ;
  55   1      	Delay(20000);
C51 COMPILER V6.02  LAB4                                                                   10/20/2010 10:49:12 PAGE 2   

  56   1      	ALE = 0 ;
  57   1      	if(x == 'H')
  58   1      	{
  59   2      		P0 = 0x0001001;
  60   2      	}
  61   1      	else if(x == 'E')
  62   1      	{
  63   2      		P0 = 0x0000110;
  64   2      	}
  65   1      	else if(x == 'L')
  66   1      	{
  67   2      		P0 = 0x1000111;
  68   2      	}
  69   1      	else if(x == 'O')
  70   1      	{
  71   2      		P0 = 0x1000000;
  72   2      	}
  73   1      	else if(x == ' ')
  74   1      	{
  75   2      		P0 = 0x1111111;
  76   2      	}
  77   1      	Delay(20000);
  78   1      	WR_BAR=0;
  79   1      	Delay(20000);
  80   1      	WR_BAR=1;
  81   1      }


MODULE INFORMATION:   STATIC OVERLAYABLE
   CODE SIZE        =    242    ----
   CONSTANT SIZE    =   ----    ----
   XDATA SIZE       =   ----    ----
   PDATA SIZE       =   ----    ----
   DATA SIZE        =   ----       9
   IDATA SIZE       =   ----    ----
   BIT SIZE         =   ----    ----
END OF MODULE INFORMATION.


C51 COMPILATION COMPLETE.  0 WARNING(S),  0 ERROR(S)
