Flow report for Lab6
Wed Nov 10 10:29:24 2010
Quartus II Version 8.0 Build 231 07/10/2008 Service Pack 1 SJ Full Version


---------------------
; Table of Contents ;
---------------------
  1. Legal Notice
  2. Flow Summary
  3. Flow Settings
  4. Flow Non-Default Global Settings
  5. Flow Elapsed Time
  6. Flow Log



----------------
; Legal Notice ;
----------------
Copyright (C) 1991-2008 Altera Corporation
Your use of Altera Corporation's design tools, logic functions 
and other software and tools, and its AMPP partner logic 
functions, and any output files from any of the foregoing 
(including device programming or simulation files), and any 
associated documentation or information are expressly subject 
to the terms and conditions of the Altera Program License 
Subscription Agreement, Altera MegaCore Function License 
Agreement, or other applicable license agreement, including, 
without limitation, that your use is for the sole purpose of 
programming logic devices manufactured by Altera and sold by 
Altera or its authorized distributors.  Please refer to the 
applicable agreement for further details.



+------------------------------------------------------------------------------------+
; Flow Summary                                                                       ;
+------------------------------------+-----------------------------------------------+
; Flow Status                        ; Successful - Wed Nov 10 10:29:24 2010         ;
; Quartus II Version                 ; 8.0 Build 231 07/10/2008 SP 1 SJ Full Version ;
; Revision Name                      ; Lab6                                          ;
; Top-level Entity Name              ; Lab6                                          ;
; Family                             ; Cyclone II                                    ;
; Device                             ; EP2C35F672C6                                  ;
; Timing Models                      ; Final                                         ;
; Met timing requirements            ; Yes                                           ;
; Total logic elements               ; 4,867 / 33,216 ( 15 % )                       ;
;     Total combinational functions  ; 4,186 / 33,216 ( 13 % )                       ;
;     Dedicated logic registers      ; 1,312 / 33,216 ( 4 % )                        ;
; Total registers                    ; 1312                                          ;
; Total pins                         ; 16 / 475 ( 3 % )                              ;
; Total virtual pins                 ; 0                                             ;
; Total memory bits                  ; 4,096 / 483,840 ( < 1 % )                     ;
; Embedded Multiplier 9-bit elements ; 0 / 70 ( 0 % )                                ;
; Total PLLs                         ; 0 / 4 ( 0 % )                                 ;
+------------------------------------+-----------------------------------------------+


+-----------------------------------------+
; Flow Settings                           ;
+-------------------+---------------------+
; Option            ; Setting             ;
+-------------------+---------------------+
; Start date & time ; 11/10/2010 10:28:28 ;
; Main task         ; Compilation         ;
; Revision Name     ; Lab6                ;
+-------------------+---------------------+


+--------------------------------------------------------------------------------------------------------------+
; Flow Non-Default Global Settings                                                                             ;
+------------------------------------+------------------------------+---------------+-------------+------------+
; Assignment Name                    ; Value                        ; Default Value ; Entity Name ; Section Id ;
+------------------------------------+------------------------------+---------------+-------------+------------+
; COMPILER_SIGNATURE_ID              ; 114364607751.128940650803300 ; --            ; --          ; --         ;
; PARTITION_COLOR                    ; 14622752                     ; --            ; --          ; Top        ;
; PARTITION_NETLIST_TYPE             ; SOURCE                       ; --            ; --          ; Top        ;
; USE_GENERATED_PHYSICAL_CONSTRAINTS ; Off                          ; --            ; --          ; eda_palace ;
+------------------------------------+------------------------------+---------------+-------------+------------+


+-----------------------------------------------------------------------------------------------------------------------------+
; Flow Elapsed Time                                                                                                           ;
+-------------------------+--------------+-------------------------+---------------------+------------------------------------+
; Module Name             ; Elapsed Time ; Average Processors Used ; Peak Virtual Memory ; Total CPU Time (on all processors) ;
+-------------------------+--------------+-------------------------+---------------------+------------------------------------+
; Analysis & Synthesis    ; 00:00:12     ; 1.0                     ; 196 MB              ; 00:00:09                           ;
; Fitter                  ; 00:00:25     ; 1.0                     ; 234 MB              ; 00:00:24                           ;
; Assembler               ; 00:00:05     ; 1.0                     ; 216 MB              ; 00:00:04                           ;
; Classic Timing Analyzer ; 00:00:03     ; 1.0                     ; 149 MB              ; 00:00:02                           ;
; Total                   ; 00:00:45     ; --                      ; --                  ; 00:00:39                           ;
+-------------------------+--------------+-------------------------+---------------------+------------------------------------+


------------
; Flow Log ;
------------
quartus_map --read_settings_files=on --write_settings_files=off Lab6 -c Lab6
quartus_fit --read_settings_files=off --write_settings_files=off Lab6 -c Lab6
quartus_asm --read_settings_files=off --write_settings_files=off Lab6 -c Lab6
quartus_tan --read_settings_files=off --write_settings_files=off Lab6 -c Lab6 --timing_analysis_only



