Flow report for Lab5
Wed Oct 27 11:39:19 2010
Quartus II Version 8.0 Build 215 05/29/2008 SJ Full Version


---------------------
; Table of Contents ;
---------------------
  1. Legal Notice
  2. Flow Summary
  3. Flow Settings
  4. Flow Non-Default Global Settings
  5. Flow Elapsed Time
  6. Flow Log



----------------
; Legal Notice ;
----------------
Copyright (C) 1991-2008 Altera Corporation
Your use of Altera Corporation's design tools, logic functions 
and other software and tools, and its AMPP partner logic 
functions, and any output files from any of the foregoing 
(including device programming or simulation files), and any 
associated documentation or information are expressly subject 
to the terms and conditions of the Altera Program License 
Subscription Agreement, Altera MegaCore Function License 
Agreement, or other applicable license agreement, including, 
without limitation, that your use is for the sole purpose of 
programming logic devices manufactured by Altera and sold by 
Altera or its authorized distributors.  Please refer to the 
applicable agreement for further details.



+-------------------------------------------------------------------------------+
; Flow Summary                                                                  ;
+------------------------------------+------------------------------------------+
; Flow Status                        ; Successful - Wed Oct 27 11:39:18 2010    ;
; Quartus II Version                 ; 8.0 Build 215 05/29/2008 SJ Full Version ;
; Revision Name                      ; Lab5                                     ;
; Top-level Entity Name              ; Lab5_Top                                 ;
; Family                             ; Cyclone II                               ;
; Device                             ; EP2C35F672C6                             ;
; Timing Models                      ; Final                                    ;
; Met timing requirements            ; No                                       ;
; Total logic elements               ; 5,141 / 33,216 ( 15 % )                  ;
;     Total combinational functions  ; 4,470 / 33,216 ( 13 % )                  ;
;     Dedicated logic registers      ; 1,319 / 33,216 ( 4 % )                   ;
; Total registers                    ; 1319                                     ;
; Total pins                         ; 16 / 475 ( 3 % )                         ;
; Total virtual pins                 ; 0                                        ;
; Total memory bits                  ; 2,048 / 483,840 ( < 1 % )                ;
; Embedded Multiplier 9-bit elements ; 0 / 70 ( 0 % )                           ;
; Total PLLs                         ; 0 / 4 ( 0 % )                            ;
+------------------------------------+------------------------------------------+


+-----------------------------------------+
; Flow Settings                           ;
+-------------------+---------------------+
; Option            ; Setting             ;
+-------------------+---------------------+
; Start date & time ; 10/27/2010 11:36:26 ;
; Main task         ; Compilation         ;
; Revision Name     ; Lab5                ;
+-------------------+---------------------+


+-------------------------------------------------------------------------------------------------------------+
; Flow Non-Default Global Settings                                                                            ;
+------------------------------------+-----------------------------+---------------+-------------+------------+
; Assignment Name                    ; Value                       ; Default Value ; Entity Name ; Section Id ;
+------------------------------------+-----------------------------+---------------+-------------+------------+
; COMPILER_SIGNATURE_ID              ; 19152720473.128819738604032 ; --            ; --          ; --         ;
; PARTITION_COLOR                    ; 14622752                    ; --            ; Lab5_Top    ; Top        ;
; PARTITION_NETLIST_TYPE             ; SOURCE                      ; --            ; Lab5_Top    ; Top        ;
; TOP_LEVEL_ENTITY                   ; Lab5_Top                    ; Lab5          ; --          ; --         ;
; USE_GENERATED_PHYSICAL_CONSTRAINTS ; Off                         ; --            ; --          ; eda_palace ;
+------------------------------------+-----------------------------+---------------+-------------+------------+


+-----------------------------------------------------------------------------------------------------------------------------+
; Flow Elapsed Time                                                                                                           ;
+-------------------------+--------------+-------------------------+---------------------+------------------------------------+
; Module Name             ; Elapsed Time ; Average Processors Used ; Peak Virtual Memory ; Total CPU Time (on all processors) ;
+-------------------------+--------------+-------------------------+---------------------+------------------------------------+
; Analysis & Synthesis    ; 00:00:42     ; 1.0                     ; 196 MB              ; 00:00:32                           ;
; Fitter                  ; 00:01:16     ; 1.0                     ; 234 MB              ; 00:01:01                           ;
; Assembler               ; 00:00:11     ; 1.0                     ; 216 MB              ; 00:00:09                           ;
; Classic Timing Analyzer ; 00:00:07     ; 1.0                     ; 151 MB              ; 00:00:04                           ;
; Total                   ; 00:02:16     ; --                      ; --                  ; 00:01:46                           ;
+-------------------------+--------------+-------------------------+---------------------+------------------------------------+


------------
; Flow Log ;
------------
quartus_map --read_settings_files=on --write_settings_files=off Lab5 -c Lab5
quartus_fit --read_settings_files=off --write_settings_files=off Lab5 -c Lab5
quartus_asm --read_settings_files=off --write_settings_files=off Lab5 -c Lab5
quartus_tan --read_settings_files=off --write_settings_files=off Lab5 -c Lab5 --timing_analysis_only



